<?xml version="1.0" encoding="UTF-8"?>
<!-- Generated by org.testng.reporters.JUnitXMLReporter -->
<testsuite ignored="1" hostname="DESKTOP-OBP08OP" failures="0" tests="3" name="Default test" time="27.381" errors="0" timestamp="2025-05-20T01:45:51 EET">
  <testcase classname="AotumationTestScors" name="SignUp" time="11.455"/>
  <testcase classname="AotumationTestScors" name="AddOneRandomItem" time="3.589"/>
  <testcase classname="AotumationTestScors" name="AddRandomItems" time="8.825"/>
  <testcase classname="AotumationTestScors" name="LoginTest" time="0.0">
    <ignored/>
  </testcase> <!-- LoginTest -->
</testsuite> <!-- Default test -->
