<?xml version="1.0" encoding="UTF-8"?>
<testng-results ignored="1" total="4" passed="3" failed="0" skipped="0">
  <reporter-output>
  </reporter-output>
  <suite started-at="2025-05-20T01:45:24 EET" name="Default suite" finished-at="2025-05-20T01:45:51 EET" duration-ms="27381">
    <groups>
    </groups>
    <test started-at="2025-05-20T01:45:24 EET" name="Default test" finished-at="2025-05-20T01:45:51 EET" duration-ms="27381">
      <class name="AotumationTestScors">
        <test-method is-config="true" signature="mySetup()[pri:0, instance:AotumationTestScors@301ec38b]" started-at="2025-05-20T01:45:24 EET" name="mySetup" finished-at="2025-05-20T01:45:27 EET" duration-ms="3468" status="PASS">
          <reporter-output>
          </reporter-output>
        </test-method> <!-- mySetup -->
        <test-method signature="SignUp()[pri:1, instance:AotumationTestScors@301ec38b]" started-at="2025-05-20T01:45:27 EET" name="SignUp" finished-at="2025-05-20T01:45:38 EET" duration-ms="11455" status="PASS">
          <reporter-output>
          </reporter-output>
        </test-method> <!-- SignUp -->
        <test-method signature="AddOneRandomItem()[pri:3, instance:AotumationTestScors@301ec38b]" started-at="2025-05-20T01:45:39 EET" name="AddOneRandomItem" finished-at="2025-05-20T01:45:42 EET" duration-ms="3589" status="PASS">
          <reporter-output>
          </reporter-output>
        </test-method> <!-- AddOneRandomItem -->
        <test-method signature="AddRandomItems()[pri:4, instance:AotumationTestScors@301ec38b]" started-at="2025-05-20T01:45:42 EET" name="AddRandomItems" finished-at="2025-05-20T01:45:51 EET" duration-ms="8825" status="PASS">
          <reporter-output>
          </reporter-output>
        </test-method> <!-- AddRandomItems -->
      </class> <!-- AotumationTestScors -->
    </test> <!-- Default test -->
  </suite> <!-- Default suite -->
</testng-results>
